<?xml version="1.0" encoding="UTF-8"?>
<!-- Generated by org.testng.reporters.JUnitReportReporter -->
<testsuite hostname="DESKTOP-23CSE7M" failures="0" tests="1" name="TestNG_Code.Login_and_LaunchBrowser" time="10.738" errors="0" timestamp="2024-07-20T23:02:48 IST" skipped="0">
  <testcase classname="TestNG_Code.Login_and_LaunchBrowser" name="login" time="10.738"/>
  <system-out/>
</testsuite> <!-- TestNG_Code.Login_and_LaunchBrowser -->
