<?xml version="1.0" encoding="UTF-8"?>
<!-- Generated by org.testng.reporters.JUnitReportReporter -->
<testsuite hostname="DESKTOP-23CSE7M" failures="0" tests="2" name="TestNG_Code.Hard_Assertion" time="2.782" errors="0" timestamp="2024-07-21T01:47:10 IST" skipped="0">
  <testcase classname="TestNG_Code.Hard_Assertion" name="login" time="2.712"/>
  <system-out/>
  <testcase classname="TestNG_Code.Hard_Assertion" name="verifylogin" time="0.070"/>
  <system-out/>
</testsuite> <!-- TestNG_Code.Hard_Assertion -->
