<?xml version="1.0" encoding="UTF-8"?>
<!-- Generated by org.testng.reporters.JUnitReportReporter -->
<testsuite hostname="DESKTOP-23CSE7M" failures="0" tests="1" name="TestNG_Code.DemoTest" time="0.005" errors="0" timestamp="2024-07-21T11:22:54 IST" skipped="0">
  <testcase classname="TestNG_Code.DemoTest" name="TestCase1" time="0.005"/>
  <system-out/>
</testsuite> <!-- TestNG_Code.DemoTest -->
